{"C:\\Users\\Mads\\Documents\\Github\\ExamProjectSoft2ndSem\\Project\\client\\src\\api\\login.ts": {"path":"C:\\Users\\Mads\\Documents\\Github\\ExamProjectSoft2ndSem\\Project\\client\\src\\api\\login.ts","statementMap":{"0":{"start":{"line":1,"column":0},"end":{"line":1,"column":45}},"1":{"start":{"line":4,"column":16},"end":{"line":4,"column":29}},"2":{"start":{"line":6,"column":21},"end":{"line":16,"column":4}},"3":{"start":{"line":6,"column":81},"end":{"line":16,"column":4}},"4":{"start":{"line":7,"column":21},"end":{"line":11,"column":6}},"5":{"start":{"line":12,"column":4},"end":{"line":14,"column":5}},"6":{"start":{"line":13,"column":6},"end":{"line":13,"column":41}},"7":{"start":{"line":15,"column":4},"end":{"line":15,"column":27}},"8":{"start":{"line":6,"column":13},"end":{"line":6,"column":21}}},"fnMap":{"0":{"name":"(anonymous_7)","decl":{"start":{"line":6,"column":21},"end":{"line":6,"column":28}},"loc":{"start":{"line":6,"column":81},"end":{"line":16,"column":4}}},"1":{"name":"(anonymous_8)","decl":{"start":{"line":6,"column":81},"end":{"line":6,"column":null}},"loc":{"start":{"line":6,"column":81},"end":{"line":16,"column":3}}}},"branchMap":{"0":{"loc":{"start":{"line":12,"column":4},"end":{"line":14,"column":5}},"type":"if","locations":[{"start":{"line":12,"column":4},"end":{"line":14,"column":5}}]}},"s":{"0":1,"1":1,"2":1,"3":2,"4":2,"5":2,"6":1,"7":1,"8":1},"f":{"0":2,"1":2},"b":{"0":[1]}}
,"C:\\Users\\Mads\\Documents\\Github\\ExamProjectSoft2ndSem\\Project\\client\\src\\api\\orders.ts": {"path":"C:\\Users\\Mads\\Documents\\Github\\ExamProjectSoft2ndSem\\Project\\client\\src\\api\\orders.ts","statementMap":{"0":{"start":{"line":1,"column":0},"end":{"line":1,"column":45}},"1":{"start":{"line":4,"column":16},"end":{"line":4,"column":29}},"2":{"start":{"line":6,"column":28},"end":{"line":15,"column":2}},"3":{"start":{"line":6,"column":57},"end":{"line":15,"column":2}},"4":{"start":{"line":7,"column":21},"end":{"line":10,"column":6}},"5":{"start":{"line":11,"column":4},"end":{"line":13,"column":5}},"6":{"start":{"line":12,"column":8},"end":{"line":12,"column":48}},"7":{"start":{"line":14,"column":4},"end":{"line":14,"column":27}},"8":{"start":{"line":6,"column":13},"end":{"line":6,"column":28}},"9":{"start":{"line":17,"column":42},"end":{"line":27,"column":2}},"10":{"start":{"line":17,"column":91},"end":{"line":27,"column":2}},"11":{"start":{"line":18,"column":21},"end":{"line":22,"column":6}},"12":{"start":{"line":23,"column":4},"end":{"line":25,"column":5}},"13":{"start":{"line":24,"column":8},"end":{"line":24,"column":48}},"14":{"start":{"line":26,"column":4},"end":{"line":26,"column":27}},"15":{"start":{"line":17,"column":13},"end":{"line":17,"column":42}},"16":{"start":{"line":29,"column":36},"end":{"line":38,"column":2}},"17":{"start":{"line":29,"column":65},"end":{"line":38,"column":2}},"18":{"start":{"line":30,"column":21},"end":{"line":33,"column":6}},"19":{"start":{"line":34,"column":4},"end":{"line":36,"column":5}},"20":{"start":{"line":35,"column":8},"end":{"line":35,"column":43}},"21":{"start":{"line":37,"column":4},"end":{"line":37,"column":27}},"22":{"start":{"line":29,"column":13},"end":{"line":29,"column":36}}},"fnMap":{"0":{"name":"(anonymous_7)","decl":{"start":{"line":6,"column":28},"end":{"line":6,"column":55}},"loc":{"start":{"line":6,"column":57},"end":{"line":15,"column":2}}},"1":{"name":"(anonymous_8)","decl":{"start":{"line":6,"column":57},"end":{"line":6,"column":null}},"loc":{"start":{"line":6,"column":57},"end":{"line":15,"column":1}}},"2":{"name":"(anonymous_9)","decl":{"start":{"line":17,"column":42},"end":{"line":17,"column":49}},"loc":{"start":{"line":17,"column":91},"end":{"line":27,"column":2}}},"3":{"name":"(anonymous_10)","decl":{"start":{"line":17,"column":91},"end":{"line":17,"column":null}},"loc":{"start":{"line":17,"column":91},"end":{"line":27,"column":1}}},"4":{"name":"(anonymous_11)","decl":{"start":{"line":29,"column":36},"end":{"line":29,"column":63}},"loc":{"start":{"line":29,"column":65},"end":{"line":38,"column":2}}},"5":{"name":"(anonymous_12)","decl":{"start":{"line":29,"column":65},"end":{"line":29,"column":null}},"loc":{"start":{"line":29,"column":65},"end":{"line":38,"column":1}}}},"branchMap":{"0":{"loc":{"start":{"line":11,"column":4},"end":{"line":13,"column":5}},"type":"if","locations":[{"start":{"line":11,"column":4},"end":{"line":13,"column":5}}]},"1":{"loc":{"start":{"line":23,"column":4},"end":{"line":25,"column":5}},"type":"if","locations":[{"start":{"line":23,"column":4},"end":{"line":25,"column":5}}]},"2":{"loc":{"start":{"line":34,"column":4},"end":{"line":36,"column":5}},"type":"if","locations":[{"start":{"line":34,"column":4},"end":{"line":36,"column":5}}]}},"s":{"0":1,"1":1,"2":1,"3":0,"4":0,"5":0,"6":0,"7":0,"8":1,"9":1,"10":1,"11":1,"12":1,"13":0,"14":1,"15":1,"16":1,"17":1,"18":1,"19":1,"20":0,"21":1,"22":1},"f":{"0":0,"1":0,"2":1,"3":1,"4":1,"5":1},"b":{"0":[0],"1":[0],"2":[0]}}
,"C:\\Users\\Mads\\Documents\\Github\\ExamProjectSoft2ndSem\\Project\\client\\src\\api\\restaurants.ts": {"path":"C:\\Users\\Mads\\Documents\\Github\\ExamProjectSoft2ndSem\\Project\\client\\src\\api\\restaurants.ts","statementMap":{"0":{"start":{"line":1,"column":0},"end":{"line":1,"column":45}},"1":{"start":{"line":4,"column":16},"end":{"line":4,"column":29}},"2":{"start":{"line":6,"column":33},"end":{"line":15,"column":2}},"3":{"start":{"line":6,"column":67},"end":{"line":15,"column":2}},"4":{"start":{"line":7,"column":21},"end":{"line":10,"column":6}},"5":{"start":{"line":11,"column":4},"end":{"line":13,"column":5}},"6":{"start":{"line":12,"column":8},"end":{"line":12,"column":43}},"7":{"start":{"line":14,"column":4},"end":{"line":14,"column":27}},"8":{"start":{"line":6,"column":13},"end":{"line":6,"column":33}}},"fnMap":{"0":{"name":"(anonymous_7)","decl":{"start":{"line":6,"column":33},"end":{"line":6,"column":65}},"loc":{"start":{"line":6,"column":67},"end":{"line":15,"column":2}}},"1":{"name":"(anonymous_8)","decl":{"start":{"line":6,"column":67},"end":{"line":6,"column":null}},"loc":{"start":{"line":6,"column":67},"end":{"line":15,"column":1}}}},"branchMap":{"0":{"loc":{"start":{"line":11,"column":4},"end":{"line":13,"column":5}},"type":"if","locations":[{"start":{"line":11,"column":4},"end":{"line":13,"column":5}}]}},"s":{"0":1,"1":1,"2":1,"3":1,"4":1,"5":1,"6":0,"7":1,"8":1},"f":{"0":1,"1":1},"b":{"0":[0]}}
,"C:\\Users\\Mads\\Documents\\Github\\ExamProjectSoft2ndSem\\Project\\client\\src\\chartFunctions\\linechart.ts": {"path":"C:\\Users\\Mads\\Documents\\Github\\ExamProjectSoft2ndSem\\Project\\client\\src\\chartFunctions\\linechart.ts","statementMap":{"0":{"start":{"line":4,"column":37},"end":{"line":40,"column":1}},"1":{"start":{"line":9,"column":4},"end":{"line":11,"column":5}},"2":{"start":{"line":10,"column":8},"end":{"line":10,"column":18}},"3":{"start":{"line":13,"column":15},"end":{"line":13,"column":29}},"4":{"start":{"line":14,"column":31},"end":{"line":14,"column":33}},"5":{"start":{"line":16,"column":4},"end":{"line":37,"column":7}},"6":{"start":{"line":17,"column":8},"end":{"line":36,"column":9}},"7":{"start":{"line":18,"column":25},"end":{"line":18,"column":50}},"8":{"start":{"line":19,"column":26},"end":{"line":19,"column":67}},"9":{"start":{"line":20,"column":24},"end":{"line":20,"column":29}},"10":{"start":{"line":22,"column":12},"end":{"line":27,"column":15}},"11":{"start":{"line":23,"column":16},"end":{"line":26,"column":17}},"12":{"start":{"line":24,"column":20},"end":{"line":24,"column":33}},"13":{"start":{"line":25,"column":20},"end":{"line":25,"column":44}},"14":{"start":{"line":29,"column":12},"end":{"line":35,"column":13}},"15":{"start":{"line":30,"column":16},"end":{"line":34,"column":19}},"16":{"start":{"line":39,"column":4},"end":{"line":39,"column":34}},"17":{"start":{"line":39,"column":28},"end":{"line":39,"column":32}},"18":{"start":{"line":4,"column":13},"end":{"line":4,"column":37}},"19":{"start":{"line":42,"column":36},"end":{"line":78,"column":1}},"20":{"start":{"line":47,"column":4},"end":{"line":49,"column":5}},"21":{"start":{"line":48,"column":8},"end":{"line":48,"column":18}},"22":{"start":{"line":51,"column":15},"end":{"line":51,"column":29}},"23":{"start":{"line":52,"column":31},"end":{"line":52,"column":33}},"24":{"start":{"line":54,"column":4},"end":{"line":75,"column":7}},"25":{"start":{"line":55,"column":8},"end":{"line":74,"column":9}},"26":{"start":{"line":56,"column":25},"end":{"line":56,"column":50}},"27":{"start":{"line":57,"column":26},"end":{"line":57,"column":67}},"28":{"start":{"line":58,"column":24},"end":{"line":58,"column":29}},"29":{"start":{"line":60,"column":12},"end":{"line":65,"column":15}},"30":{"start":{"line":61,"column":16},"end":{"line":64,"column":17}},"31":{"start":{"line":62,"column":20},"end":{"line":62,"column":33}},"32":{"start":{"line":63,"column":20},"end":{"line":63,"column":29}},"33":{"start":{"line":67,"column":12},"end":{"line":73,"column":13}},"34":{"start":{"line":68,"column":16},"end":{"line":72,"column":19}},"35":{"start":{"line":77,"column":4},"end":{"line":77,"column":34}},"36":{"start":{"line":77,"column":28},"end":{"line":77,"column":32}},"37":{"start":{"line":42,"column":13},"end":{"line":42,"column":36}},"38":{"start":{"line":80,"column":43},"end":{"line":109,"column":1}},"39":{"start":{"line":81,"column":4},"end":{"line":83,"column":5}},"40":{"start":{"line":82,"column":8},"end":{"line":82,"column":18}},"41":{"start":{"line":85,"column":31},"end":{"line":85,"column":33}},"42":{"start":{"line":87,"column":4},"end":{"line":106,"column":null}},"43":{"start":{"line":88,"column":21},"end":{"line":88,"column":46}},"44":{"start":{"line":89,"column":22},"end":{"line":89,"column":63}},"45":{"start":{"line":90,"column":20},"end":{"line":90,"column":25}},"46":{"start":{"line":92,"column":8},"end":{"line":97,"column":11}},"47":{"start":{"line":93,"column":12},"end":{"line":96,"column":13}},"48":{"start":{"line":94,"column":16},"end":{"line":94,"column":29}},"49":{"start":{"line":95,"column":16},"end":{"line":95,"column":25}},"50":{"start":{"line":99,"column":8},"end":{"line":105,"column":9}},"51":{"start":{"line":100,"column":12},"end":{"line":104,"column":15}},"52":{"start":{"line":108,"column":4},"end":{"line":108,"column":34}},"53":{"start":{"line":108,"column":28},"end":{"line":108,"column":32}},"54":{"start":{"line":80,"column":13},"end":{"line":80,"column":43}},"55":{"start":{"line":111,"column":44},"end":{"line":140,"column":1}},"56":{"start":{"line":112,"column":4},"end":{"line":114,"column":5}},"57":{"start":{"line":113,"column":8},"end":{"line":113,"column":18}},"58":{"start":{"line":116,"column":31},"end":{"line":116,"column":33}},"59":{"start":{"line":118,"column":4},"end":{"line":137,"column":null}},"60":{"start":{"line":119,"column":21},"end":{"line":119,"column":46}},"61":{"start":{"line":120,"column":22},"end":{"line":120,"column":63}},"62":{"start":{"line":121,"column":20},"end":{"line":121,"column":25}},"63":{"start":{"line":123,"column":8},"end":{"line":128,"column":11}},"64":{"start":{"line":124,"column":12},"end":{"line":127,"column":13}},"65":{"start":{"line":125,"column":16},"end":{"line":125,"column":29}},"66":{"start":{"line":126,"column":16},"end":{"line":126,"column":40}},"67":{"start":{"line":130,"column":8},"end":{"line":136,"column":9}},"68":{"start":{"line":131,"column":12},"end":{"line":135,"column":15}},"69":{"start":{"line":139,"column":4},"end":{"line":139,"column":34}},"70":{"start":{"line":139,"column":28},"end":{"line":139,"column":32}},"71":{"start":{"line":111,"column":13},"end":{"line":111,"column":44}}},"fnMap":{"0":{"name":"(anonymous_0)","decl":{"start":{"line":4,"column":37},"end":{"line":4,"column":null}},"loc":{"start":{"line":7,"column":23},"end":{"line":40,"column":1}}},"1":{"name":"(anonymous_1)","decl":{"start":{"line":16,"column":19},"end":{"line":16,"column":24}},"loc":{"start":{"line":16,"column":27},"end":{"line":37,"column":5}}},"2":{"name":"(anonymous_2)","decl":{"start":{"line":22,"column":27},"end":{"line":22,"column":28}},"loc":{"start":{"line":22,"column":33},"end":{"line":27,"column":13}}},"3":{"name":"(anonymous_3)","decl":{"start":{"line":39,"column":23},"end":{"line":39,"column":24}},"loc":{"start":{"line":39,"column":28},"end":{"line":39,"column":32}}},"4":{"name":"(anonymous_4)","decl":{"start":{"line":42,"column":36},"end":{"line":42,"column":null}},"loc":{"start":{"line":45,"column":23},"end":{"line":78,"column":1}}},"5":{"name":"(anonymous_5)","decl":{"start":{"line":54,"column":19},"end":{"line":54,"column":24}},"loc":{"start":{"line":54,"column":27},"end":{"line":75,"column":5}}},"6":{"name":"(anonymous_6)","decl":{"start":{"line":60,"column":27},"end":{"line":60,"column":28}},"loc":{"start":{"line":60,"column":33},"end":{"line":65,"column":13}}},"7":{"name":"(anonymous_7)","decl":{"start":{"line":77,"column":23},"end":{"line":77,"column":24}},"loc":{"start":{"line":77,"column":28},"end":{"line":77,"column":32}}},"8":{"name":"(anonymous_8)","decl":{"start":{"line":80,"column":43},"end":{"line":80,"column":44}},"loc":{"start":{"line":80,"column":63},"end":{"line":109,"column":1}}},"9":{"name":"(anonymous_9)","decl":{"start":{"line":87,"column":19},"end":{"line":87,"column":24}},"loc":{"start":{"line":87,"column":27},"end":{"line":106,"column":5}}},"10":{"name":"(anonymous_10)","decl":{"start":{"line":92,"column":23},"end":{"line":92,"column":24}},"loc":{"start":{"line":92,"column":29},"end":{"line":97,"column":9}}},"11":{"name":"(anonymous_11)","decl":{"start":{"line":108,"column":23},"end":{"line":108,"column":24}},"loc":{"start":{"line":108,"column":28},"end":{"line":108,"column":32}}},"12":{"name":"(anonymous_12)","decl":{"start":{"line":111,"column":44},"end":{"line":111,"column":45}},"loc":{"start":{"line":111,"column":64},"end":{"line":140,"column":1}}},"13":{"name":"(anonymous_13)","decl":{"start":{"line":118,"column":19},"end":{"line":118,"column":24}},"loc":{"start":{"line":118,"column":27},"end":{"line":137,"column":5}}},"14":{"name":"(anonymous_14)","decl":{"start":{"line":123,"column":23},"end":{"line":123,"column":24}},"loc":{"start":{"line":123,"column":29},"end":{"line":128,"column":9}}},"15":{"name":"(anonymous_15)","decl":{"start":{"line":139,"column":23},"end":{"line":139,"column":24}},"loc":{"start":{"line":139,"column":28},"end":{"line":139,"column":32}}}},"branchMap":{"0":{"loc":{"start":{"line":9,"column":4},"end":{"line":11,"column":5}},"type":"if","locations":[{"start":{"line":9,"column":4},"end":{"line":11,"column":5}}]},"1":{"loc":{"start":{"line":9,"column":8},"end":{"line":9,"column":41}},"type":"binary-expr","locations":[{"start":{"line":9,"column":8},"end":{"line":9,"column":17}},{"start":{"line":9,"column":21},"end":{"line":9,"column":41}}]},"2":{"loc":{"start":{"line":17,"column":8},"end":{"line":36,"column":9}},"type":"if","locations":[{"start":{"line":17,"column":8},"end":{"line":36,"column":9}}]},"3":{"loc":{"start":{"line":23,"column":16},"end":{"line":26,"column":17}},"type":"if","locations":[{"start":{"line":23,"column":16},"end":{"line":26,"column":17}}]},"4":{"loc":{"start":{"line":29,"column":12},"end":{"line":35,"column":13}},"type":"if","locations":[{"start":{"line":29,"column":12},"end":{"line":35,"column":13}}]},"5":{"loc":{"start":{"line":47,"column":4},"end":{"line":49,"column":5}},"type":"if","locations":[{"start":{"line":47,"column":4},"end":{"line":49,"column":5}}]},"6":{"loc":{"start":{"line":47,"column":8},"end":{"line":47,"column":41}},"type":"binary-expr","locations":[{"start":{"line":47,"column":8},"end":{"line":47,"column":17}},{"start":{"line":47,"column":21},"end":{"line":47,"column":41}}]},"7":{"loc":{"start":{"line":55,"column":8},"end":{"line":74,"column":9}},"type":"if","locations":[{"start":{"line":55,"column":8},"end":{"line":74,"column":9}}]},"8":{"loc":{"start":{"line":61,"column":16},"end":{"line":64,"column":17}},"type":"if","locations":[{"start":{"line":61,"column":16},"end":{"line":64,"column":17}}]},"9":{"loc":{"start":{"line":67,"column":12},"end":{"line":73,"column":13}},"type":"if","locations":[{"start":{"line":67,"column":12},"end":{"line":73,"column":13}}]},"10":{"loc":{"start":{"line":81,"column":4},"end":{"line":83,"column":5}},"type":"if","locations":[{"start":{"line":81,"column":4},"end":{"line":83,"column":5}}]},"11":{"loc":{"start":{"line":93,"column":12},"end":{"line":96,"column":13}},"type":"if","locations":[{"start":{"line":93,"column":12},"end":{"line":96,"column":13}}]},"12":{"loc":{"start":{"line":99,"column":8},"end":{"line":105,"column":9}},"type":"if","locations":[{"start":{"line":99,"column":8},"end":{"line":105,"column":9}}]},"13":{"loc":{"start":{"line":112,"column":4},"end":{"line":114,"column":5}},"type":"if","locations":[{"start":{"line":112,"column":4},"end":{"line":114,"column":5}}]},"14":{"loc":{"start":{"line":124,"column":12},"end":{"line":127,"column":13}},"type":"if","locations":[{"start":{"line":124,"column":12},"end":{"line":127,"column":13}}]},"15":{"loc":{"start":{"line":130,"column":8},"end":{"line":136,"column":9}},"type":"if","locations":[{"start":{"line":130,"column":8},"end":{"line":136,"column":9}}]}},"s":{"0":1,"1":2,"2":1,"3":1,"4":1,"5":1,"6":3,"7":3,"8":3,"9":3,"10":3,"11":2,"12":1,"13":1,"14":3,"15":2,"16":1,"17":1,"18":1,"19":1,"20":2,"21":1,"22":1,"23":1,"24":1,"25":3,"26":3,"27":3,"28":3,"29":3,"30":2,"31":1,"32":1,"33":3,"34":2,"35":1,"36":1,"37":1,"38":1,"39":2,"40":1,"41":1,"42":1,"43":2,"44":2,"45":2,"46":2,"47":1,"48":1,"49":1,"50":2,"51":1,"52":1,"53":0,"54":1,"55":1,"56":2,"57":1,"58":1,"59":1,"60":2,"61":2,"62":2,"63":2,"64":1,"65":1,"66":1,"67":2,"68":1,"69":1,"70":0,"71":1},"f":{"0":2,"1":3,"2":2,"3":1,"4":2,"5":3,"6":2,"7":1,"8":2,"9":2,"10":1,"11":0,"12":2,"13":2,"14":1,"15":0},"b":{"0":[1],"1":[2,2],"2":[3],"3":[1],"4":[2],"5":[1],"6":[2,2],"7":[3],"8":[1],"9":[2],"10":[1],"11":[1],"12":[1],"13":[1],"14":[1],"15":[1]}}
,"C:\\Users\\Mads\\Documents\\Github\\ExamProjectSoft2ndSem\\Project\\client\\src\\chartFunctions\\piechart.ts": {"path":"C:\\Users\\Mads\\Documents\\Github\\ExamProjectSoft2ndSem\\Project\\client\\src\\chartFunctions\\piechart.ts","statementMap":{"0":{"start":{"line":5,"column":40},"end":{"line":29,"column":1}},"1":{"start":{"line":6,"column":51},"end":{"line":6,"column":53}},"2":{"start":{"line":7,"column":4},"end":{"line":26,"column":7}},"3":{"start":{"line":8,"column":20},"end":{"line":8,"column":25}},"4":{"start":{"line":9,"column":8},"end":{"line":14,"column":11}},"5":{"start":{"line":10,"column":12},"end":{"line":13,"column":13}},"6":{"start":{"line":11,"column":16},"end":{"line":11,"column":29}},"7":{"start":{"line":12,"column":16},"end":{"line":12,"column":56}},"8":{"start":{"line":15,"column":8},"end":{"line":25,"column":9}},"9":{"start":{"line":16,"column":12},"end":{"line":24,"column":15}},"10":{"start":{"line":17,"column":16},"end":{"line":23,"column":17}},"11":{"start":{"line":18,"column":20},"end":{"line":22,"column":23}},"12":{"start":{"line":28,"column":4},"end":{"line":28,"column":28}},"13":{"start":{"line":5,"column":13},"end":{"line":5,"column":40}},"14":{"start":{"line":31,"column":54},"end":{"line":55,"column":1}},"15":{"start":{"line":32,"column":52},"end":{"line":32,"column":54}},"16":{"start":{"line":33,"column":4},"end":{"line":52,"column":7}},"17":{"start":{"line":34,"column":20},"end":{"line":34,"column":25}},"18":{"start":{"line":35,"column":8},"end":{"line":40,"column":11}},"19":{"start":{"line":36,"column":12},"end":{"line":39,"column":13}},"20":{"start":{"line":37,"column":16},"end":{"line":37,"column":29}},"21":{"start":{"line":38,"column":16},"end":{"line":38,"column":71}},"22":{"start":{"line":41,"column":8},"end":{"line":51,"column":9}},"23":{"start":{"line":42,"column":12},"end":{"line":50,"column":15}},"24":{"start":{"line":43,"column":16},"end":{"line":49,"column":17}},"25":{"start":{"line":44,"column":20},"end":{"line":48,"column":23}},"26":{"start":{"line":54,"column":4},"end":{"line":54,"column":29}},"27":{"start":{"line":31,"column":13},"end":{"line":31,"column":54}}},"fnMap":{"0":{"name":"(anonymous_0)","decl":{"start":{"line":5,"column":40},"end":{"line":5,"column":41}},"loc":{"start":{"line":5,"column":87},"end":{"line":29,"column":1}}},"1":{"name":"(anonymous_1)","decl":{"start":{"line":7,"column":19},"end":{"line":7,"column":20}},"loc":{"start":{"line":7,"column":29},"end":{"line":26,"column":5}}},"2":{"name":"(anonymous_2)","decl":{"start":{"line":9,"column":33},"end":{"line":9,"column":34}},"loc":{"start":{"line":9,"column":48},"end":{"line":14,"column":9}}},"3":{"name":"(anonymous_3)","decl":{"start":{"line":16,"column":32},"end":{"line":16,"column":33}},"loc":{"start":{"line":16,"column":47},"end":{"line":24,"column":13}}},"4":{"name":"(anonymous_4)","decl":{"start":{"line":31,"column":54},"end":{"line":31,"column":55}},"loc":{"start":{"line":31,"column":101},"end":{"line":55,"column":1}}},"5":{"name":"(anonymous_5)","decl":{"start":{"line":33,"column":19},"end":{"line":33,"column":20}},"loc":{"start":{"line":33,"column":29},"end":{"line":52,"column":5}}},"6":{"name":"(anonymous_6)","decl":{"start":{"line":35,"column":34},"end":{"line":35,"column":35}},"loc":{"start":{"line":35,"column":49},"end":{"line":40,"column":9}}},"7":{"name":"(anonymous_7)","decl":{"start":{"line":42,"column":32},"end":{"line":42,"column":33}},"loc":{"start":{"line":42,"column":47},"end":{"line":50,"column":13}}}},"branchMap":{"0":{"loc":{"start":{"line":10,"column":12},"end":{"line":13,"column":13}},"type":"if","locations":[{"start":{"line":10,"column":12},"end":{"line":13,"column":13}}]},"1":{"loc":{"start":{"line":15,"column":8},"end":{"line":25,"column":9}},"type":"if","locations":[{"start":{"line":15,"column":8},"end":{"line":25,"column":9}}]},"2":{"loc":{"start":{"line":17,"column":16},"end":{"line":23,"column":17}},"type":"if","locations":[{"start":{"line":17,"column":16},"end":{"line":23,"column":17}}]},"3":{"loc":{"start":{"line":36,"column":12},"end":{"line":39,"column":13}},"type":"if","locations":[{"start":{"line":36,"column":12},"end":{"line":39,"column":13}}]},"4":{"loc":{"start":{"line":41,"column":8},"end":{"line":51,"column":9}},"type":"if","locations":[{"start":{"line":41,"column":8},"end":{"line":51,"column":9}}]},"5":{"loc":{"start":{"line":43,"column":16},"end":{"line":49,"column":17}},"type":"if","locations":[{"start":{"line":43,"column":16},"end":{"line":49,"column":17}}]}},"s":{"0":1,"1":1,"2":1,"3":3,"4":3,"5":2,"6":1,"7":1,"8":3,"9":2,"10":4,"11":2,"12":1,"13":1,"14":1,"15":3,"16":3,"17":9,"18":9,"19":6,"20":4,"21":4,"22":9,"23":5,"24":10,"25":5,"26":3,"27":1},"f":{"0":1,"1":3,"2":2,"3":4,"4":3,"5":9,"6":6,"7":10},"b":{"0":[1],"1":[2],"2":[2],"3":[4],"4":[5],"5":[5]}}
,"C:\\Users\\Mads\\Documents\\Github\\ExamProjectSoft2ndSem\\Project\\client\\src\\mocks\\handlers.ts": {"path":"C:\\Users\\Mads\\Documents\\Github\\ExamProjectSoft2ndSem\\Project\\client\\src\\mocks\\handlers.ts","statementMap":{"0":{"start":{"line":1,"column":0},"end":{"line":1,"column":27}},"1":{"start":{"line":3,"column":0},"end":{"line":3,"column":45}},"2":{"start":{"line":5,"column":0},"end":{"line":5,"column":51}},"3":{"start":{"line":6,"column":0},"end":{"line":6,"column":70}},"4":{"start":{"line":9,"column":13},"end":{"line":60,"column":2}},"5":{"start":{"line":12,"column":30},"end":{"line":31,"column":null}},"6":{"start":{"line":13,"column":32},"end":{"line":13,"column":52}},"7":{"start":{"line":14,"column":43},"end":{"line":14,"column":54}},"8":{"start":{"line":16,"column":12},"end":{"line":25,"column":13}},"9":{"start":{"line":17,"column":16},"end":{"line":24,"column":18}},"10":{"start":{"line":27,"column":12},"end":{"line":30,"column":14}},"11":{"start":{"line":34,"column":77},"end":{"line":41,"column":6}},"12":{"start":{"line":35,"column":8},"end":{"line":40,"column":11}},"13":{"start":{"line":43,"column":75},"end":{"line":50,"column":6}},"14":{"start":{"line":44,"column":8},"end":{"line":49,"column":11}},"15":{"start":{"line":52,"column":72},"end":{"line":59,"column":6}},"16":{"start":{"line":53,"column":8},"end":{"line":58,"column":11}}},"fnMap":{"0":{"name":"(anonymous_7)","decl":{"start":{"line":12,"column":8},"end":{"line":12,"column":15}},"loc":{"start":{"line":12,"column":30},"end":{"line":31,"column":null}}},"1":{"name":"(anonymous_8)","decl":{"start":{"line":12,"column":30},"end":{"line":12,"column":null}},"loc":{"start":{"line":12,"column":26},"end":{"line":31,"column":9}}},"2":{"name":"(anonymous_9)","decl":{"start":{"line":34,"column":66},"end":{"line":34,"column":75}},"loc":{"start":{"line":34,"column":77},"end":{"line":41,"column":6}}},"3":{"name":"(anonymous_10)","decl":{"start":{"line":34,"column":77},"end":{"line":34,"column":null}},"loc":{"start":{"line":34,"column":77},"end":{"line":41,"column":5}}},"4":{"name":"(anonymous_11)","decl":{"start":{"line":43,"column":64},"end":{"line":43,"column":73}},"loc":{"start":{"line":43,"column":75},"end":{"line":50,"column":6}}},"5":{"name":"(anonymous_12)","decl":{"start":{"line":43,"column":75},"end":{"line":43,"column":null}},"loc":{"start":{"line":43,"column":75},"end":{"line":50,"column":5}}},"6":{"name":"(anonymous_13)","decl":{"start":{"line":52,"column":61},"end":{"line":52,"column":70}},"loc":{"start":{"line":52,"column":72},"end":{"line":59,"column":6}}},"7":{"name":"(anonymous_14)","decl":{"start":{"line":52,"column":72},"end":{"line":52,"column":null}},"loc":{"start":{"line":52,"column":72},"end":{"line":59,"column":5}}}},"branchMap":{"0":{"loc":{"start":{"line":16,"column":12},"end":{"line":25,"column":13}},"type":"if","locations":[{"start":{"line":16,"column":12},"end":{"line":25,"column":13}}]},"1":{"loc":{"start":{"line":16,"column":16},"end":{"line":16,"column":66}},"type":"binary-expr","locations":[{"start":{"line":16,"column":16},"end":{"line":16,"column":39}},{"start":{"line":16,"column":43},"end":{"line":16,"column":66}}]}},"s":{"0":4,"1":4,"2":4,"3":4,"4":4,"5":2,"6":2,"7":2,"8":2,"9":1,"10":1,"11":1,"12":1,"13":1,"14":1,"15":1,"16":1},"f":{"0":2,"1":2,"2":1,"3":1,"4":1,"5":1,"6":1,"7":1},"b":{"0":[1],"1":[2,1]}}
,"C:\\Users\\Mads\\Documents\\Github\\ExamProjectSoft2ndSem\\Project\\client\\src\\mocks\\orders.ts": {"path":"C:\\Users\\Mads\\Documents\\Github\\ExamProjectSoft2ndSem\\Project\\client\\src\\mocks\\orders.ts","statementMap":{"0":{"start":{"line":1,"column":13},"end":{"line":28,"column":2}},"1":{"start":{"line":29,"column":13},"end":{"line":52,"column":2}},"2":{"start":{"line":54,"column":13},"end":{"line":106,"column":2}},"3":{"start":{"line":108,"column":13},"end":{"line":108,"column":51}},"4":{"start":{"line":109,"column":13},"end":{"line":109,"column":80}}},"fnMap":{},"branchMap":{},"s":{"0":4,"1":4,"2":4,"3":4,"4":4},"f":{},"b":{}}
,"C:\\Users\\Mads\\Documents\\Github\\ExamProjectSoft2ndSem\\Project\\client\\src\\mocks\\restaurant.ts": {"path":"C:\\Users\\Mads\\Documents\\Github\\ExamProjectSoft2ndSem\\Project\\client\\src\\mocks\\restaurant.ts","statementMap":{"0":{"start":{"line":1,"column":13},"end":{"line":24,"column":2}},"1":{"start":{"line":26,"column":13},"end":{"line":49,"column":2}},"2":{"start":{"line":51,"column":13},"end":{"line":54,"column":2}}},"fnMap":{},"branchMap":{},"s":{"0":4,"1":4,"2":4},"f":{},"b":{}}
}
