TN:
SF:src\api\login.ts
FN:6,(anonymous_7)
FN:6,(anonymous_8)
FNF:2
FNH:2
FNDA:2,(anonymous_7)
FNDA:2,(anonymous_8)
DA:1,1
DA:4,1
DA:6,2
DA:7,2
DA:12,2
DA:13,1
DA:15,1
LF:7
LH:7
BRDA:12,0,0,1
BRF:1
BRH:1
end_of_record
TN:
SF:src\api\orders.ts
FN:6,(anonymous_7)
FN:6,(anonymous_8)
FN:17,(anonymous_9)
FN:17,(anonymous_10)
FN:29,(anonymous_11)
FN:29,(anonymous_12)
FNF:6
FNH:4
FNDA:0,(anonymous_7)
FNDA:0,(anonymous_8)
FNDA:1,(anonymous_9)
FNDA:1,(anonymous_10)
FNDA:1,(anonymous_11)
FNDA:1,(anonymous_12)
DA:1,1
DA:4,1
DA:6,1
DA:7,0
DA:11,0
DA:12,0
DA:14,0
DA:17,1
DA:18,1
DA:23,1
DA:24,0
DA:26,1
DA:29,1
DA:30,1
DA:34,1
DA:35,0
DA:37,1
LF:17
LH:11
BRDA:11,0,0,0
BRDA:23,1,0,0
BRDA:34,2,0,0
BRF:3
BRH:0
end_of_record
TN:
SF:src\api\restaurants.ts
FN:6,(anonymous_7)
FN:6,(anonymous_8)
FNF:2
FNH:2
FNDA:1,(anonymous_7)
FNDA:1,(anonymous_8)
DA:1,1
DA:4,1
DA:6,1
DA:7,1
DA:11,1
DA:12,0
DA:14,1
LF:7
LH:6
BRDA:11,0,0,0
BRF:1
BRH:0
end_of_record
TN:
SF:src\chartFunctions\linechart.ts
FN:4,(anonymous_0)
FN:16,(anonymous_1)
FN:22,(anonymous_2)
FN:39,(anonymous_3)
FN:42,(anonymous_4)
FN:54,(anonymous_5)
FN:60,(anonymous_6)
FN:77,(anonymous_7)
FN:80,(anonymous_8)
FN:87,(anonymous_9)
FN:92,(anonymous_10)
FN:108,(anonymous_11)
FN:111,(anonymous_12)
FN:118,(anonymous_13)
FN:123,(anonymous_14)
FN:139,(anonymous_15)
FNF:16
FNH:14
FNDA:2,(anonymous_0)
FNDA:3,(anonymous_1)
FNDA:2,(anonymous_2)
FNDA:1,(anonymous_3)
FNDA:2,(anonymous_4)
FNDA:3,(anonymous_5)
FNDA:2,(anonymous_6)
FNDA:1,(anonymous_7)
FNDA:2,(anonymous_8)
FNDA:2,(anonymous_9)
FNDA:1,(anonymous_10)
FNDA:0,(anonymous_11)
FNDA:2,(anonymous_12)
FNDA:2,(anonymous_13)
FNDA:1,(anonymous_14)
FNDA:0,(anonymous_15)
DA:4,1
DA:9,2
DA:10,1
DA:13,1
DA:14,1
DA:16,1
DA:17,3
DA:18,3
DA:19,3
DA:20,3
DA:22,3
DA:23,2
DA:24,1
DA:25,1
DA:29,3
DA:30,2
DA:39,1
DA:42,1
DA:47,2
DA:48,1
DA:51,1
DA:52,1
DA:54,1
DA:55,3
DA:56,3
DA:57,3
DA:58,3
DA:60,3
DA:61,2
DA:62,1
DA:63,1
DA:67,3
DA:68,2
DA:77,1
DA:80,1
DA:81,2
DA:82,1
DA:85,1
DA:87,1
DA:88,2
DA:89,2
DA:90,2
DA:92,2
DA:93,1
DA:94,1
DA:95,1
DA:99,2
DA:100,1
DA:108,1
DA:111,1
DA:112,2
DA:113,1
DA:116,1
DA:118,1
DA:119,2
DA:120,2
DA:121,2
DA:123,2
DA:124,1
DA:125,1
DA:126,1
DA:130,2
DA:131,1
DA:139,1
LF:64
LH:64
BRDA:9,0,0,1
BRDA:9,1,0,2
BRDA:9,1,1,2
BRDA:17,2,0,3
BRDA:23,3,0,1
BRDA:29,4,0,2
BRDA:47,5,0,1
BRDA:47,6,0,2
BRDA:47,6,1,2
BRDA:55,7,0,3
BRDA:61,8,0,1
BRDA:67,9,0,2
BRDA:81,10,0,1
BRDA:93,11,0,1
BRDA:99,12,0,1
BRDA:112,13,0,1
BRDA:124,14,0,1
BRDA:130,15,0,1
BRF:18
BRH:18
end_of_record
TN:
SF:src\chartFunctions\piechart.ts
FN:5,(anonymous_0)
FN:7,(anonymous_1)
FN:9,(anonymous_2)
FN:16,(anonymous_3)
FN:31,(anonymous_4)
FN:33,(anonymous_5)
FN:35,(anonymous_6)
FN:42,(anonymous_7)
FNF:8
FNH:8
FNDA:1,(anonymous_0)
FNDA:3,(anonymous_1)
FNDA:2,(anonymous_2)
FNDA:4,(anonymous_3)
FNDA:3,(anonymous_4)
FNDA:9,(anonymous_5)
FNDA:6,(anonymous_6)
FNDA:10,(anonymous_7)
DA:5,1
DA:6,1
DA:7,1
DA:8,3
DA:9,3
DA:10,2
DA:11,1
DA:12,1
DA:15,3
DA:16,2
DA:17,4
DA:18,2
DA:28,1
DA:31,1
DA:32,3
DA:33,3
DA:34,9
DA:35,9
DA:36,6
DA:37,4
DA:38,4
DA:41,9
DA:42,5
DA:43,10
DA:44,5
DA:54,3
LF:26
LH:26
BRDA:10,0,0,1
BRDA:15,1,0,2
BRDA:17,2,0,2
BRDA:36,3,0,4
BRDA:41,4,0,5
BRDA:43,5,0,5
BRF:6
BRH:6
end_of_record
TN:
SF:src\mocks\handlers.ts
FN:12,(anonymous_7)
FN:12,(anonymous_8)
FN:34,(anonymous_9)
FN:34,(anonymous_10)
FN:43,(anonymous_11)
FN:43,(anonymous_12)
FN:52,(anonymous_13)
FN:52,(anonymous_14)
FNF:8
FNH:8
FNDA:2,(anonymous_7)
FNDA:2,(anonymous_8)
FNDA:1,(anonymous_9)
FNDA:1,(anonymous_10)
FNDA:1,(anonymous_11)
FNDA:1,(anonymous_12)
FNDA:1,(anonymous_13)
FNDA:1,(anonymous_14)
DA:1,4
DA:3,4
DA:5,4
DA:6,4
DA:9,4
DA:12,2
DA:13,2
DA:14,2
DA:16,2
DA:17,1
DA:27,1
DA:34,1
DA:35,1
DA:43,1
DA:44,1
DA:52,1
DA:53,1
LF:17
LH:17
BRDA:16,0,0,1
BRDA:16,1,0,2
BRDA:16,1,1,1
BRF:3
BRH:3
end_of_record
TN:
SF:src\mocks\orders.ts
FNF:0
FNH:0
DA:1,4
DA:29,4
DA:54,4
DA:108,4
DA:109,4
LF:5
LH:5
BRF:0
BRH:0
end_of_record
TN:
SF:src\mocks\restaurant.ts
FNF:0
FNH:0
DA:1,4
DA:26,4
DA:51,4
LF:3
LH:3
BRF:0
BRH:0
end_of_record
